C:\USERS\EMANUEL\DESKTOP\COLLEGE\GAME PROGRAMMING\C++ PROJECTS\CST8237-WORK\CST8237-GAME\DEBUG\GAME.OBJ
C:\USERS\EMANUEL\DESKTOP\COLLEGE\GAME PROGRAMMING\C++ PROJECTS\CST8237-WORK\CST8237-GAME\DEBUG\GAMEOBJECT.OBJ
C:\USERS\EMANUEL\DESKTOP\COLLEGE\GAME PROGRAMMING\C++ PROJECTS\CST8237-WORK\CST8237-GAME\DEBUG\MAIN.OBJ
C:\USERS\EMANUEL\DESKTOP\COLLEGE\GAME PROGRAMMING\C++ PROJECTS\CST8237-WORK\CST8237-GAME\DEBUG\MATHUTILS.OBJ
C:\USERS\EMANUEL\DESKTOP\COLLEGE\GAME PROGRAMMING\C++ PROJECTS\CST8237-WORK\CST8237-GAME\DEBUG\VC110.PDB
C:\USERS\EMANUEL\DESKTOP\COLLEGE\GAME PROGRAMMING\C++ PROJECTS\CST8237-WORK\CST8237-GAME\DEBUG\GAMEENGINE.OBJ
C:\Users\Emanuel\Desktop\College\Game Programming\C++ Projects\CST8237-Work\CST8237-Game\Debug\Game.obj
C:\Users\Emanuel\Desktop\College\Game Programming\C++ Projects\CST8237-Work\CST8237-Game\Debug\GameEngine.obj
C:\Users\Emanuel\Desktop\College\Game Programming\C++ Projects\CST8237-Work\CST8237-Game\Debug\GameObject.obj
C:\Users\Emanuel\Desktop\College\Game Programming\C++ Projects\CST8237-Work\CST8237-Game\Debug\main.obj
C:\Users\Emanuel\Desktop\College\Game Programming\C++ Projects\CST8237-Work\CST8237-Game\Debug\MathUtils.obj
C:\Users\Emanuel\Desktop\College\Game Programming\C++ Projects\CST8237-Work\CST8237-Game\Debug\cl.command.1.tlog
C:\Users\Emanuel\Desktop\College\Game Programming\C++ Projects\CST8237-Work\CST8237-Game\Debug\CL.read.1.tlog
C:\Users\Emanuel\Desktop\College\Game Programming\C++ Projects\CST8237-Work\CST8237-Game\Debug\CL.write.1.tlog
C:\Users\Emanuel\Desktop\College\Game Programming\C++ Projects\CST8237-Work\CST8237-Game\Debug\link-cvtres.read.1.tlog
C:\Users\Emanuel\Desktop\College\Game Programming\C++ Projects\CST8237-Work\CST8237-Game\Debug\link-cvtres.write.1.tlog
C:\Users\Emanuel\Desktop\College\Game Programming\C++ Projects\CST8237-Work\CST8237-Game\Debug\link-rc.read.1.tlog
C:\Users\Emanuel\Desktop\College\Game Programming\C++ Projects\CST8237-Work\CST8237-Game\Debug\link-rc.write.1.tlog
C:\Users\Emanuel\Desktop\College\Game Programming\C++ Projects\CST8237-Work\CST8237-Game\Debug\link.command.1.tlog
C:\Users\Emanuel\Desktop\College\Game Programming\C++ Projects\CST8237-Work\CST8237-Game\Debug\link.read.1.tlog
C:\Users\Emanuel\Desktop\College\Game Programming\C++ Projects\CST8237-Work\CST8237-Game\Debug\link.write.1.tlog
C:\Users\Emanuel\Desktop\College\Game Programming\C++ Projects\CST8237-Work\CST8237-Game\Debug\vc110.idb
C:\Users\Emanuel\Desktop\College\Game Programming\C++ Projects\CST8237-Work\CST8237-Game\Debug\vc110.pdb
C:\Users\Emanuel\Desktop\College\Game Programming\C++ Projects\CST8237-Work\Debug\CST8237-Game.pdb
